<?xml version="1.0" encoding="UTF-8"?>
<!-- Generated by org.testng.reporters.JUnitReportReporter -->
<testsuite skipped="0" hostname="Mahika" name="seleniumdaythreepackage.loginWithpageFactory" tests="1" failures="0" timestamp="10 Nov 2019 07:28:29 GMT" time="4.713" errors="0">
  <testcase name="test_Home_Page_Appear_Correct" time="4.713" classname="seleniumdaythreepackage.loginWithpageFactory"/>
</testsuite> <!-- seleniumdaythreepackage.loginWithpageFactory -->
