<?xml version="1.0" encoding="UTF-8"?>
<!-- Generated by org.testng.reporters.JUnitReportReporter -->
<testsuite skipped="0" hostname="Mahika" name="seleniumdayfourpackage.TextBoxTest" tests="2" failures="0" timestamp="17 Nov 2019 08:01:40 GMT" time="19.085" errors="0">
  <testcase name="testCaseOne_Test_One" time="8.756" classname="seleniumdayfourpackage.TextBoxTest"/>
  <testcase name="testCaseTwo_Test_One" time="10.329" classname="seleniumdayfourpackage.TextBoxTest"/>
</testsuite> <!-- seleniumdayfourpackage.TextBoxTest -->
