<?xml version="1.0" encoding="UTF-8"?>
<!-- Generated by org.testng.reporters.JUnitReportReporter -->
<testsuite skipped="0" hostname="Mahika" name="seleniumdayfourpackage.PracticeAjaxButtonTest" tests="5" failures="0" timestamp="21 Nov 2019 12:14:29 GMT" time="10.623" errors="0">
  <testcase name="stdButtonTestCase" time="2.722" classname="seleniumdayfourpackage.PracticeAjaxButtonTest"/>
  <testcase name="stdButtonIconTestCase" time="2.730" classname="seleniumdayfourpackage.PracticeAjaxButtonTest"/>
  <testcase name="primaryButtonTestCase" time="2.337" classname="seleniumdayfourpackage.PracticeAjaxButtonTest"/>
  <testcase name="buttonPageTitleTestCase" time="0.039" classname="seleniumdayfourpackage.PracticeAjaxButtonTest"/>
  <testcase name="stdButton2IconTestCase" time="2.795" classname="seleniumdayfourpackage.PracticeAjaxButtonTest"/>
</testsuite> <!-- seleniumdayfourpackage.PracticeAjaxButtonTest -->
