<?xml version="1.0" encoding="UTF-8"?>
<!-- Generated by org.testng.reporters.JUnitReportReporter -->
<testsuite skipped="0" hostname="Mahika" name="seleniumdayfourpackage.PracticeAjaxTest" tests="2" failures="0" timestamp="21 Nov 2019 12:00:43 GMT" time="8.213" errors="0">
  <testcase name="checkTitleTest" time="0.056" classname="seleniumdayfourpackage.PracticeAjaxTest"/>
  <testcase name="checkClickButtonTest" time="8.157" classname="seleniumdayfourpackage.PracticeAjaxTest"/>
</testsuite> <!-- seleniumdayfourpackage.PracticeAjaxTest -->
