<?xml version="1.0" encoding="UTF-8"?>
<!-- Generated by org.testng.reporters.JUnitReportReporter -->
<testsuite skipped="0" hostname="Mahika" name="seleniumdaytwopackage.PracticeNov4" tests="1" failures="0" timestamp="06 Nov 2019 09:07:04 GMT" time="2.101" errors="0">
  <testcase name="NovemberFourth" time="2.101" classname="seleniumdaytwopackage.PracticeNov4"/>
</testsuite> <!-- seleniumdaytwopackage.PracticeNov4 -->
