<?xml version="1.0" encoding="UTF-8"?>
<!-- Generated by org.testng.reporters.JUnitReportReporter -->
<testsuite skipped="0" hostname="Mahika" name="seleniumdaythreepackage.AutoCompleteTest" tests="1" failures="0" timestamp="10 Nov 2019 08:36:11 GMT" time="1.955" errors="0">
  <testcase name="rightClickTest" time="1.955" classname="seleniumdaythreepackage.AutoCompleteTest"/>
</testsuite> <!-- seleniumdaythreepackage.AutoCompleteTest -->
