<?xml version="1.0" encoding="UTF-8"?>
<!-- Generated by org.testng.reporters.JUnitReportReporter -->
<testsuite skipped="0" hostname="Mahika" name="seleniumdaytwopackage.DragAndDrop" tests="1" failures="0" timestamp="03 Nov 2019 08:02:36 GMT" time="0.619" errors="0">
  <testcase name="start1" time="0.619" classname="seleniumdaytwopackage.DragAndDrop"/>
</testsuite> <!-- seleniumdaytwopackage.DragAndDrop -->
