<?xml version="1.0" encoding="UTF-8"?>
<!-- Generated by org.testng.reporters.JUnitReportReporter -->
<testsuite skipped="0" hostname="Mahika" name="seleniumdayfivepackage.CalcThroughConfigProperties" tests="1" failures="0" timestamp="24 Nov 2019 08:49:26 GMT" time="1.218" errors="0">
  <testcase name="calc" time="1.218" classname="seleniumdayfivepackage.CalcThroughConfigProperties"/>
</testsuite> <!-- seleniumdayfivepackage.CalcThroughConfigProperties -->
