<?xml version="1.0" encoding="UTF-8"?>
<!-- Generated by org.testng.reporters.JUnitReportReporter -->
<testsuite skipped="0" hostname="Mahika" name="seleniumdaytwopackage.AlertTestTNG" tests="1" failures="0" timestamp="03 Nov 2019 07:23:38 GMT" time="7.004" errors="0">
  <testcase name="f" time="7.004" classname="seleniumdaytwopackage.AlertTestTNG"/>
</testsuite> <!-- seleniumdaytwopackage.AlertTestTNG -->
