<?xml version="1.0" encoding="UTF-8"?>
<!-- Generated by org.testng.reporters.JUnitReportReporter -->
<testsuite skipped="0" hostname="Mahika" name="seleniumdayfourpackage.AjaxExample" tests="1" failures="0" timestamp="17 Nov 2019 08:11:35 GMT" time="10.994" errors="0">
  <testcase name="ajaxExampleTest" time="10.994" classname="seleniumdayfourpackage.AjaxExample"/>
</testsuite> <!-- seleniumdayfourpackage.AjaxExample -->
