<?xml version="1.0" encoding="UTF-8"?>
<!-- Generated by org.testng.reporters.JUnitReportReporter -->
<testsuite skipped="0" hostname="Mahika" name="seleniumdayonepackage.NewTest" tests="1" failures="0" timestamp="03 Nov 2019 07:00:51 GMT" time="0.009" errors="0">
  <testcase name="f" time="0.009" classname="seleniumdayonepackage.NewTest"/>
</testsuite> <!-- seleniumdayonepackage.NewTest -->
