<?xml version="1.0" encoding="UTF-8"?>
<!-- Generated by org.testng.reporters.JUnitReportReporter -->
<testsuite skipped="0" hostname="Mahika" name="seleniumdaythreepackage.PracticeTest" tests="1" failures="0" timestamp="15 Nov 2019 11:58:41 GMT" time="1.839" errors="0">
  <testcase name="practiceTestAutoComplete" time="1.839" classname="seleniumdaythreepackage.PracticeTest"/>
</testsuite> <!-- seleniumdaythreepackage.PracticeTest -->
